SQL> 
SQL> -- some views to format dba_histograms for our example tables
SQL> create or replace view formatted_hist_t1 as
  2  with hist1 as (
  3    select endpoint_number ep, endpoint_value value
  4  	 from user_histograms
  5  	where table_name  = 'T1'
  6  	  and column_name = 'VALUE'
  7  ), hist2 as (
  8    select ep, value,
  9  	      lag (ep) over (order by ep) prev_ep,
 10  	      max (ep) over ()		  max_ep
 11  	 from hist1
 12  )
 13  select value, ep,
 14  	    (select num_rows from user_tables where table_name	= 'T1')
 15  	    * (ep - nvl (prev_ep, 0))
 16  	    / max_ep as counts,
 17  	    decode (ep - nvl (prev_ep, 0), 0, 0, 1, 0, 1) as popularity
 18   from hist2
 19  order by ep;

View created.

SQL> 
SQL> create or replace view formatted_hist_t2 as
  2  with hist1 as (
  3    select endpoint_number ep, endpoint_value value
  4  	 from user_histograms
  5  	where table_name  = 'T2'
  6  	  and column_name = 'VALUE'
  7  ), hist2 as (
  8    select ep, value,
  9  	      lag (ep) over (order by ep) prev_ep,
 10  	      max (ep) over ()		  max_ep
 11  	 from hist1
 12  )
 13  select value, ep,
 14  	    (select num_rows from user_tables where table_name	= 'T2')
 15  	    * (ep - nvl (prev_ep, 0))
 16  	    / max_ep as counts,
 17  	    decode (ep - nvl (prev_ep, 0), 0, 0, 1, 0, 1) as popularity
 18   from hist2
 19  order by ep;

View created.

SQL> 
SQL> -- two tables whose value distribution is symmetrical around their central value,
SQL> -- with a peak at one end
SQL> create table t1 as select rownum value from dual connect by level <= 250;

Table created.

SQL> insert into t1 select * from t1;

250 rows created.

SQL> insert into t1 select * from t1;

500 rows created.

SQL> insert into t1 select 1 from t1;

1000 rows created.

SQL> 
SQL> create table t2 as select rownum value from dual connect by level <= 250;

Table created.

SQL> insert into t2 select * from t2;

250 rows created.

SQL> insert into t2 select * from t2;

500 rows created.

SQL> insert into t2 select 250 from t2;

1000 rows created.

SQL> 
SQL> exec dbms_stats.gather_table_stats (user, 't1', method_opt => 'for all columns size 100');

PL/SQL procedure successfully completed.

SQL> exec dbms_stats.gather_table_stats (user, 't2', method_opt => 'for all columns size 100');

PL/SQL procedure successfully completed.

SQL> 
SQL> --select value from t1 order by value;
SQL> select * from formatted_hist_t1;

     VALUE         EP     COUNTS POPULARITY                                                                                                           
---------- ---------- ---------- ----------                                                                                                           
         1         50       1000          1                                                                                                           
         5         51         20          0                                                                                                           
        10         52         20          0                                                                                                           
        15         53         20          0                                                                                                           
        20         54         20          0                                                                                                           
        25         55         20          0                                                                                                           
        30         56         20          0                                                                                                           
        35         57         20          0                                                                                                           
        40         58         20          0                                                                                                           
        45         59         20          0                                                                                                           
        50         60         20          0                                                                                                           
        55         61         20          0                                                                                                           
        60         62         20          0                                                                                                           
        65         63         20          0                                                                                                           
        70         64         20          0                                                                                                           
        75         65         20          0                                                                                                           
        80         66         20          0                                                                                                           
        85         67         20          0                                                                                                           
        90         68         20          0                                                                                                           
        95         69         20          0                                                                                                           
       100         70         20          0                                                                                                           
       105         71         20          0                                                                                                           
       110         72         20          0                                                                                                           
       115         73         20          0                                                                                                           
       120         74         20          0                                                                                                           
       125         75         20          0                                                                                                           
       130         76         20          0                                                                                                           
       135         77         20          0                                                                                                           
       140         78         20          0                                                                                                           
       145         79         20          0                                                                                                           
       150         80         20          0                                                                                                           
       155         81         20          0                                                                                                           
       160         82         20          0                                                                                                           
       165         83         20          0                                                                                                           
       170         84         20          0                                                                                                           
       175         85         20          0                                                                                                           
       180         86         20          0                                                                                                           
       185         87         20          0                                                                                                           
       190         88         20          0                                                                                                           
       195         89         20          0                                                                                                           
       200         90         20          0                                                                                                           
       205         91         20          0                                                                                                           
       210         92         20          0                                                                                                           
       215         93         20          0                                                                                                           
       220         94         20          0                                                                                                           
       225         95         20          0                                                                                                           
       230         96         20          0                                                                                                           
       235         97         20          0                                                                                                           
       240         98         20          0                                                                                                           
       245         99         20          0                                                                                                           
       250        100         20          0                                                                                                           

51 rows selected.

SQL> 
SQL> --select value from t2 order by value;
SQL> select * from formatted_hist_t2;

     VALUE         EP     COUNTS POPULARITY                                                                                                           
---------- ---------- ---------- ----------                                                                                                           
         1          0          0          0                                                                                                           
         5          1         20          0                                                                                                           
        10          2         20          0                                                                                                           
        15          3         20          0                                                                                                           
        20          4         20          0                                                                                                           
        25          5         20          0                                                                                                           
        30          6         20          0                                                                                                           
        35          7         20          0                                                                                                           
        40          8         20          0                                                                                                           
        45          9         20          0                                                                                                           
        50         10         20          0                                                                                                           
        55         11         20          0                                                                                                           
        60         12         20          0                                                                                                           
        65         13         20          0                                                                                                           
        70         14         20          0                                                                                                           
        75         15         20          0                                                                                                           
        80         16         20          0                                                                                                           
        85         17         20          0                                                                                                           
        90         18         20          0                                                                                                           
        95         19         20          0                                                                                                           
       100         20         20          0                                                                                                           
       105         21         20          0                                                                                                           
       110         22         20          0                                                                                                           
       115         23         20          0                                                                                                           
       120         24         20          0                                                                                                           
       125         25         20          0                                                                                                           
       130         26         20          0                                                                                                           
       135         27         20          0                                                                                                           
       140         28         20          0                                                                                                           
       145         29         20          0                                                                                                           
       150         30         20          0                                                                                                           
       155         31         20          0                                                                                                           
       160         32         20          0                                                                                                           
       165         33         20          0                                                                                                           
       170         34         20          0                                                                                                           
       175         35         20          0                                                                                                           
       180         36         20          0                                                                                                           
       185         37         20          0                                                                                                           
       190         38         20          0                                                                                                           
       195         39         20          0                                                                                                           
       200         40         20          0                                                                                                           
       205         41         20          0                                                                                                           
       210         42         20          0                                                                                                           
       215         43         20          0                                                                                                           
       220         44         20          0                                                                                                           
       225         45         20          0                                                                                                           
       230         46         20          0                                                                                                           
       235         47         20          0                                                                                                           
       240         48         20          0                                                                                                           
       245         49         20          0                                                                                                           
       250        100       1020          1                                                                                                           

51 rows selected.

SQL> 
SQL> -- table statistics
SQL> col table_name form a5
SQL> select t.table_name, t.num_rows, c.density, t.num_rows * c.density "num_rows*density", t.num_rows / c.num_distinct
  2    from user_tables t, user_tab_columns c
  3   where t.table_name = c.table_name
  4  	and t.table_name in ('T1','T2')
  5  	and c.column_name = 'VALUE'
  6    order by table_name;

TABLE   NUM_ROWS    DENSITY num_rows*density T.NUM_ROWS/C.NUM_DISTINCT                                                                                
----- ---------- ---------- ---------------- -------------------------                                                                                
T1          2000       .002                4                         8                                                                                
T2          2000       .002                4                         8                                                                                

SQL> 
SQL> -- The Join Histogram
SQL> create or replace view join_histogram as
  2  select decode (lhs.popularity, 1, 'POP', 0, 'UN', '-') as lhs_popularity,
  3  	    nvl(to_char(lhs.counts),'-')		    as lhs_counts,
  4  	    nvl(lhs.value, rhs.value)			    as value,
  5  	    nvl(to_char(rhs.counts),'-')		    as rhs_counts,
  6  	    decode (rhs.popularity, 1, 'POP', 0, 'UN', '-') as rhs_popularity,
  7  	    nvl(lhs.popularity,0) + nvl(rhs.popularity,0)   as join_popularity
  8   from (select * from formatted_hist_t1) lhs -- select * necessary for "table does not exist" workaround
  9  	   full outer join
 10  	   (select * from formatted_hist_t2) rhs -- select * necessary for "table does not exist" workaround
 11  	on (lhs.value = rhs.value)
 12  order by nvl(lhs.value, rhs.value);

View created.

SQL> 
SQL> col lhs_popularity form a3
SQL> col lhs_counts	form a7
SQL> --col value	  form 99
SQL> col rhs_counts	form a7
SQL> col rhs_popularity form a3
SQL> select * from join_histogram;

LHS LHS_COU      VALUE RHS_COU RHS JOIN_POPULARITY                                                                                                    
--- ------- ---------- ------- --- ---------------                                                                                                    
POP 1000             1 0       UN                1                                                                                                    
UN  20               5 20      UN                0                                                                                                    
UN  20              10 20      UN                0                                                                                                    
UN  20              15 20      UN                0                                                                                                    
UN  20              20 20      UN                0                                                                                                    
UN  20              25 20      UN                0                                                                                                    
UN  20              30 20      UN                0                                                                                                    
UN  20              35 20      UN                0                                                                                                    
UN  20              40 20      UN                0                                                                                                    
UN  20              45 20      UN                0                                                                                                    
UN  20              50 20      UN                0                                                                                                    
UN  20              55 20      UN                0                                                                                                    
UN  20              60 20      UN                0                                                                                                    
UN  20              65 20      UN                0                                                                                                    
UN  20              70 20      UN                0                                                                                                    
UN  20              75 20      UN                0                                                                                                    
UN  20              80 20      UN                0                                                                                                    
UN  20              85 20      UN                0                                                                                                    
UN  20              90 20      UN                0                                                                                                    
UN  20              95 20      UN                0                                                                                                    
UN  20             100 20      UN                0                                                                                                    
UN  20             105 20      UN                0                                                                                                    
UN  20             110 20      UN                0                                                                                                    
UN  20             115 20      UN                0                                                                                                    
UN  20             120 20      UN                0                                                                                                    
UN  20             125 20      UN                0                                                                                                    
UN  20             130 20      UN                0                                                                                                    
UN  20             135 20      UN                0                                                                                                    
UN  20             140 20      UN                0                                                                                                    
UN  20             145 20      UN                0                                                                                                    
UN  20             150 20      UN                0                                                                                                    
UN  20             155 20      UN                0                                                                                                    
UN  20             160 20      UN                0                                                                                                    
UN  20             165 20      UN                0                                                                                                    
UN  20             170 20      UN                0                                                                                                    
UN  20             175 20      UN                0                                                                                                    
UN  20             180 20      UN                0                                                                                                    
UN  20             185 20      UN                0                                                                                                    
UN  20             190 20      UN                0                                                                                                    
UN  20             195 20      UN                0                                                                                                    
UN  20             200 20      UN                0                                                                                                    
UN  20             205 20      UN                0                                                                                                    
UN  20             210 20      UN                0                                                                                                    
UN  20             215 20      UN                0                                                                                                    
UN  20             220 20      UN                0                                                                                                    
UN  20             225 20      UN                0                                                                                                    
UN  20             230 20      UN                0                                                                                                    
UN  20             235 20      UN                0                                                                                                    
UN  20             240 20      UN                0                                                                                                    
UN  20             245 20      UN                0                                                                                                    
UN  20             250 1020    POP               1                                                                                                    

51 rows selected.

SQL> 
SQL> -- uncomment the following two lines if you want to calculate the contributors
SQL> -- using the formula implemented in pl/sql and sql
SQL> -- You need of course to install the join_over_histograms package
SQL> -- workaround for bug 4626732, 5752903 "ORA-07445 [ACCESS_VIOLATION] [_evaopn2+153]"
SQL> -- alter session set "_optimizer_native_full_outer_join"=force;
SQL> -- select join_over_histograms.get ('t1', 'value', 't2', 'value') from dual;
SQL> 
SQL> set autotrace traceonly explain
SQL> select count(*)
  2    from t1, t2
  3   where t1.value = t2.value;

Execution Plan
----------------------------------------------------------                                                                                            
Plan hash value: 906334482                                                                                                                            
                                                                                                                                                      
----------------------------------------------------------------------------                                                                          
| Id  | Operation           | Name | Rows  | Bytes | Cost (%CPU)| Time     |                                                                          
----------------------------------------------------------------------------                                                                          
|   0 | SELECT STATEMENT    |      |     1 |     6 |     7  (15)| 00:00:01 |                                                                          
|   1 |  SORT AGGREGATE     |      |     1 |     6 |            |          |                                                                          
|*  2 |   HASH JOIN         |      | 10040 | 60240 |     7  (15)| 00:00:01 |                                                                          
|   3 |    TABLE ACCESS FULL| T1   |  2000 |  6000 |     3   (0)| 00:00:01 |                                                                          
|   4 |    TABLE ACCESS FULL| T2   |  2000 |  6000 |     3   (0)| 00:00:01 |                                                                          
----------------------------------------------------------------------------                                                                          
                                                                                                                                                      
Predicate Information (identified by operation id):                                                                                                   
---------------------------------------------------                                                                                                   
                                                                                                                                                      
   2 - access("T1"."VALUE"="T2"."VALUE")                                                                                                              

SQL> set autotrace off
SQL> 
SQL> select count(*) as real_cardinality
  2    from t1, t2
  3   where t1.value = t2.value;

REAL_CARDINALITY                                                                                                                                      
----------------                                                                                                                                      
           12000                                                                                                                                      

SQL> 
SQL> -- card estimation error = about 20%
SQL> -- here
SQL> -- "populars not matching populars" = 8080
SQL> -- "not-populars subtables" = 1960
SQL> -- total = 8080 + 1960 = 10040
SQL> 
SQL> -- the card corrected by the factor num_rows / num_rows_unpopular = 2
SQL> select  8080 + 2 * 1960 from dual;

8080+2*1960                                                                                                                                           
-----------                                                                                                                                           
      12000                                                                                                                                           

SQL> 
SQL> -- EXACT - even if there's an error in the computation of counts
SQL> -- for the popular value t2.value = 250 (it's 1004, not 1020)
SQL> 
SQL> spool off
